<?xml version="1.0" encoding="UTF-8"?>
<robot generator="Robot 6.1 (Python 3.11.4 on win32)" generated="20230811 14:14:09.972" rpa="false" schemaversion="4">
<suite id="s1" name="ExcelDataRead" source="C:\Users\goyal\PycharmProjects\pythonProject1\RobotPackage\ExcelDataRead.robot">
<kw name="open my browser" library="login_resources" type="SETUP">
<kw name="Open Browser" library="SeleniumLibrary">
<arg>${LOGIN_URL}</arg>
<arg>${Browser}</arg>
<arg>options=add_experimental_option("detach",${True})</arg>
<doc>Opens a new browser instance to the optional ``url``.</doc>
<msg timestamp="20230811 14:14:10.882" level="INFO">Opening browser 'chrome' to base url 'https://admin-demo.nopcommerce.com/login'.</msg>
<msg timestamp="20230811 14:14:10.889" level="INFO">Executing: C:\Users\goyal\PycharmProjects\pythonProject1\venv\Lib\site-packages\selenium\webdriver\common\windows\selenium-manager.exe --browser chrome --output json</msg>
<status status="PASS" starttime="20230811 14:14:10.881" endtime="20230811 14:14:16.385"/>
</kw>
<kw name="Maximize Browser Window" library="SeleniumLibrary">
<doc>Maximizes current browser window.</doc>
<status status="PASS" starttime="20230811 14:14:16.385" endtime="20230811 14:14:16.511"/>
</kw>
<status status="PASS" starttime="20230811 14:14:10.881" endtime="20230811 14:14:16.512"/>
</kw>
<test id="s1-t1" name="LoginTestWithExcel using sedrick_brekke29@yahoo.com and vsd4q" line="17">
<kw name="Invalid Login scenarios">
<arg>sedrick_brekke29@yahoo.com</arg>
<arg>vsd4q</arg>
<kw name="Input the username" library="login_resources">
<arg>${username}</arg>
<kw name="Input Text" library="SeleniumLibrary">
<arg>id:Email</arg>
<arg>${username}</arg>
<doc>Types the given ``text`` into the text field identified by ``locator``.</doc>
<msg timestamp="20230811 14:14:16.517" level="INFO">Typing text 'sedrick_brekke29@yahoo.com' into text field 'id:Email'.</msg>
<status status="PASS" starttime="20230811 14:14:16.516" endtime="20230811 14:14:16.642"/>
</kw>
<status status="PASS" starttime="20230811 14:14:16.516" endtime="20230811 14:14:16.642"/>
</kw>
<kw name="Input the Password" library="login_resources">
<arg>${password}</arg>
<kw name="Input Text" library="SeleniumLibrary">
<arg>id:Password</arg>
<arg>${password}</arg>
<doc>Types the given ``text`` into the text field identified by ``locator``.</doc>
<msg timestamp="20230811 14:14:16.643" level="INFO">Typing text 'vsd4q' into text field 'id:Password'.</msg>
<status status="PASS" starttime="20230811 14:14:16.642" endtime="20230811 14:14:16.708"/>
</kw>
<status status="PASS" starttime="20230811 14:14:16.642" endtime="20230811 14:14:16.708"/>
</kw>
<kw name="click the login button" library="login_resources">
<kw name="Click Element" library="SeleniumLibrary">
<arg>xpath://button[@type='submit']</arg>
<doc>Click the element identified by ``locator``.</doc>
<msg timestamp="20230811 14:14:16.709" level="INFO">Clicking element 'xpath://button[@type='submit']'.</msg>
<status status="PASS" starttime="20230811 14:14:16.708" endtime="20230811 14:14:18.086"/>
</kw>
<status status="PASS" starttime="20230811 14:14:16.708" endtime="20230811 14:14:18.086"/>
</kw>
<kw name="Error message should be visible" library="login_resources">
<kw name="Page Should Contain" library="SeleniumLibrary">
<arg>Login was unsuccessful</arg>
<doc>Verifies that current page contains ``text``.</doc>
<msg timestamp="20230811 14:14:18.106" level="INFO">Current page contains text 'Login was unsuccessful'.</msg>
<status status="PASS" starttime="20230811 14:14:18.087" endtime="20230811 14:14:18.106"/>
</kw>
<status status="PASS" starttime="20230811 14:14:18.086" endtime="20230811 14:14:18.106"/>
</kw>
<status status="PASS" starttime="20230811 14:14:16.515" endtime="20230811 14:14:18.106"/>
</kw>
<status status="PASS" starttime="20230811 14:14:16.512" endtime="20230811 14:14:18.107"/>
</test>
<test id="s1-t2" name="LoginTestWithExcel using alba98@hotmail.com and b38au" line="17">
<kw name="Invalid Login scenarios">
<arg>alba98@hotmail.com</arg>
<arg>b38au</arg>
<kw name="Input the username" library="login_resources">
<arg>${username}</arg>
<kw name="Input Text" library="SeleniumLibrary">
<arg>id:Email</arg>
<arg>${username}</arg>
<doc>Types the given ``text`` into the text field identified by ``locator``.</doc>
<msg timestamp="20230811 14:14:18.109" level="INFO">Typing text 'alba98@hotmail.com' into text field 'id:Email'.</msg>
<status status="PASS" starttime="20230811 14:14:18.109" endtime="20230811 14:14:18.177"/>
</kw>
<status status="PASS" starttime="20230811 14:14:18.109" endtime="20230811 14:14:18.177"/>
</kw>
<kw name="Input the Password" library="login_resources">
<arg>${password}</arg>
<kw name="Input Text" library="SeleniumLibrary">
<arg>id:Password</arg>
<arg>${password}</arg>
<doc>Types the given ``text`` into the text field identified by ``locator``.</doc>
<msg timestamp="20230811 14:14:18.178" level="INFO">Typing text 'b38au' into text field 'id:Password'.</msg>
<status status="PASS" starttime="20230811 14:14:18.177" endtime="20230811 14:14:18.233"/>
</kw>
<status status="PASS" starttime="20230811 14:14:18.177" endtime="20230811 14:14:18.234"/>
</kw>
<kw name="click the login button" library="login_resources">
<kw name="Click Element" library="SeleniumLibrary">
<arg>xpath://button[@type='submit']</arg>
<doc>Click the element identified by ``locator``.</doc>
<msg timestamp="20230811 14:14:18.234" level="INFO">Clicking element 'xpath://button[@type='submit']'.</msg>
<status status="PASS" starttime="20230811 14:14:18.234" endtime="20230811 14:14:18.805"/>
</kw>
<status status="PASS" starttime="20230811 14:14:18.234" endtime="20230811 14:14:18.805"/>
</kw>
<kw name="Error message should be visible" library="login_resources">
<kw name="Page Should Contain" library="SeleniumLibrary">
<arg>Login was unsuccessful</arg>
<doc>Verifies that current page contains ``text``.</doc>
<msg timestamp="20230811 14:14:18.818" level="INFO">Current page contains text 'Login was unsuccessful'.</msg>
<status status="PASS" starttime="20230811 14:14:18.805" endtime="20230811 14:14:18.818"/>
</kw>
<status status="PASS" starttime="20230811 14:14:18.805" endtime="20230811 14:14:18.818"/>
</kw>
<status status="PASS" starttime="20230811 14:14:18.109" endtime="20230811 14:14:18.818"/>
</kw>
<status status="PASS" starttime="20230811 14:14:18.108" endtime="20230811 14:14:18.819"/>
</test>
<test id="s1-t3" name="LoginTestWithExcel using perry14@hotmail.com and hpale" line="17">
<kw name="Invalid Login scenarios">
<arg>perry14@hotmail.com</arg>
<arg>hpale</arg>
<kw name="Input the username" library="login_resources">
<arg>${username}</arg>
<kw name="Input Text" library="SeleniumLibrary">
<arg>id:Email</arg>
<arg>${username}</arg>
<doc>Types the given ``text`` into the text field identified by ``locator``.</doc>
<msg timestamp="20230811 14:14:18.821" level="INFO">Typing text 'perry14@hotmail.com' into text field 'id:Email'.</msg>
<status status="PASS" starttime="20230811 14:14:18.821" endtime="20230811 14:14:18.884"/>
</kw>
<status status="PASS" starttime="20230811 14:14:18.820" endtime="20230811 14:14:18.885"/>
</kw>
<kw name="Input the Password" library="login_resources">
<arg>${password}</arg>
<kw name="Input Text" library="SeleniumLibrary">
<arg>id:Password</arg>
<arg>${password}</arg>
<doc>Types the given ``text`` into the text field identified by ``locator``.</doc>
<msg timestamp="20230811 14:14:18.885" level="INFO">Typing text 'hpale' into text field 'id:Password'.</msg>
<status status="PASS" starttime="20230811 14:14:18.885" endtime="20230811 14:14:18.943"/>
</kw>
<status status="PASS" starttime="20230811 14:14:18.885" endtime="20230811 14:14:18.943"/>
</kw>
<kw name="click the login button" library="login_resources">
<kw name="Click Element" library="SeleniumLibrary">
<arg>xpath://button[@type='submit']</arg>
<doc>Click the element identified by ``locator``.</doc>
<msg timestamp="20230811 14:14:18.944" level="INFO">Clicking element 'xpath://button[@type='submit']'.</msg>
<status status="PASS" starttime="20230811 14:14:18.943" endtime="20230811 14:14:19.489"/>
</kw>
<status status="PASS" starttime="20230811 14:14:18.943" endtime="20230811 14:14:19.489"/>
</kw>
<kw name="Error message should be visible" library="login_resources">
<kw name="Page Should Contain" library="SeleniumLibrary">
<arg>Login was unsuccessful</arg>
<doc>Verifies that current page contains ``text``.</doc>
<msg timestamp="20230811 14:14:19.501" level="INFO">Current page contains text 'Login was unsuccessful'.</msg>
<status status="PASS" starttime="20230811 14:14:19.490" endtime="20230811 14:14:19.501"/>
</kw>
<status status="PASS" starttime="20230811 14:14:19.489" endtime="20230811 14:14:19.501"/>
</kw>
<status status="PASS" starttime="20230811 14:14:18.820" endtime="20230811 14:14:19.501"/>
</kw>
<status status="PASS" starttime="20230811 14:14:18.819" endtime="20230811 14:14:19.502"/>
</test>
<test id="s1-t4" name="LoginTestWithExcel using eldred7@gmail.com and 0kjp6" line="17">
<kw name="Invalid Login scenarios">
<arg>eldred7@gmail.com</arg>
<arg>0kjp6</arg>
<kw name="Input the username" library="login_resources">
<arg>${username}</arg>
<kw name="Input Text" library="SeleniumLibrary">
<arg>id:Email</arg>
<arg>${username}</arg>
<doc>Types the given ``text`` into the text field identified by ``locator``.</doc>
<msg timestamp="20230811 14:14:19.505" level="INFO">Typing text 'eldred7@gmail.com' into text field 'id:Email'.</msg>
<status status="PASS" starttime="20230811 14:14:19.504" endtime="20230811 14:14:19.568"/>
</kw>
<status status="PASS" starttime="20230811 14:14:19.504" endtime="20230811 14:14:19.568"/>
</kw>
<kw name="Input the Password" library="login_resources">
<arg>${password}</arg>
<kw name="Input Text" library="SeleniumLibrary">
<arg>id:Password</arg>
<arg>${password}</arg>
<doc>Types the given ``text`` into the text field identified by ``locator``.</doc>
<msg timestamp="20230811 14:14:19.569" level="INFO">Typing text '0kjp6' into text field 'id:Password'.</msg>
<status status="PASS" starttime="20230811 14:14:19.569" endtime="20230811 14:14:19.627"/>
</kw>
<status status="PASS" starttime="20230811 14:14:19.568" endtime="20230811 14:14:19.627"/>
</kw>
<kw name="click the login button" library="login_resources">
<kw name="Click Element" library="SeleniumLibrary">
<arg>xpath://button[@type='submit']</arg>
<doc>Click the element identified by ``locator``.</doc>
<msg timestamp="20230811 14:14:19.627" level="INFO">Clicking element 'xpath://button[@type='submit']'.</msg>
<status status="PASS" starttime="20230811 14:14:19.627" endtime="20230811 14:14:20.231"/>
</kw>
<status status="PASS" starttime="20230811 14:14:19.627" endtime="20230811 14:14:20.231"/>
</kw>
<kw name="Error message should be visible" library="login_resources">
<kw name="Page Should Contain" library="SeleniumLibrary">
<arg>Login was unsuccessful</arg>
<doc>Verifies that current page contains ``text``.</doc>
<msg timestamp="20230811 14:14:20.247" level="INFO">Current page contains text 'Login was unsuccessful'.</msg>
<status status="PASS" starttime="20230811 14:14:20.232" endtime="20230811 14:14:20.247"/>
</kw>
<status status="PASS" starttime="20230811 14:14:20.232" endtime="20230811 14:14:20.247"/>
</kw>
<status status="PASS" starttime="20230811 14:14:19.504" endtime="20230811 14:14:20.247"/>
</kw>
<status status="PASS" starttime="20230811 14:14:19.502" endtime="20230811 14:14:20.247"/>
</test>
<test id="s1-t5" name="LoginTestWithExcel using harmon.conn@yahoo.com and wh9is" line="17">
<kw name="Invalid Login scenarios">
<arg>harmon.conn@yahoo.com</arg>
<arg>wh9is</arg>
<kw name="Input the username" library="login_resources">
<arg>${username}</arg>
<kw name="Input Text" library="SeleniumLibrary">
<arg>id:Email</arg>
<arg>${username}</arg>
<doc>Types the given ``text`` into the text field identified by ``locator``.</doc>
<msg timestamp="20230811 14:14:20.250" level="INFO">Typing text 'harmon.conn@yahoo.com' into text field 'id:Email'.</msg>
<status status="PASS" starttime="20230811 14:14:20.249" endtime="20230811 14:14:20.316"/>
</kw>
<status status="PASS" starttime="20230811 14:14:20.249" endtime="20230811 14:14:20.316"/>
</kw>
<kw name="Input the Password" library="login_resources">
<arg>${password}</arg>
<kw name="Input Text" library="SeleniumLibrary">
<arg>id:Password</arg>
<arg>${password}</arg>
<doc>Types the given ``text`` into the text field identified by ``locator``.</doc>
<msg timestamp="20230811 14:14:20.316" level="INFO">Typing text 'wh9is' into text field 'id:Password'.</msg>
<status status="PASS" starttime="20230811 14:14:20.316" endtime="20230811 14:14:20.373"/>
</kw>
<status status="PASS" starttime="20230811 14:14:20.316" endtime="20230811 14:14:20.373"/>
</kw>
<kw name="click the login button" library="login_resources">
<kw name="Click Element" library="SeleniumLibrary">
<arg>xpath://button[@type='submit']</arg>
<doc>Click the element identified by ``locator``.</doc>
<msg timestamp="20230811 14:14:20.375" level="INFO">Clicking element 'xpath://button[@type='submit']'.</msg>
<status status="PASS" starttime="20230811 14:14:20.374" endtime="20230811 14:14:20.925"/>
</kw>
<status status="PASS" starttime="20230811 14:14:20.373" endtime="20230811 14:14:20.926"/>
</kw>
<kw name="Error message should be visible" library="login_resources">
<kw name="Page Should Contain" library="SeleniumLibrary">
<arg>Login was unsuccessful</arg>
<doc>Verifies that current page contains ``text``.</doc>
<msg timestamp="20230811 14:14:20.940" level="INFO">Current page contains text 'Login was unsuccessful'.</msg>
<status status="PASS" starttime="20230811 14:14:20.926" endtime="20230811 14:14:20.940"/>
</kw>
<status status="PASS" starttime="20230811 14:14:20.926" endtime="20230811 14:14:20.940"/>
</kw>
<status status="PASS" starttime="20230811 14:14:20.249" endtime="20230811 14:14:20.940"/>
</kw>
<status status="PASS" starttime="20230811 14:14:20.248" endtime="20230811 14:14:20.942"/>
</test>
<test id="s1-t6" name="LoginTestWithExcel using coralie.welch@hotmail.com and cu2h6" line="17">
<kw name="Invalid Login scenarios">
<arg>coralie.welch@hotmail.com</arg>
<arg>cu2h6</arg>
<kw name="Input the username" library="login_resources">
<arg>${username}</arg>
<kw name="Input Text" library="SeleniumLibrary">
<arg>id:Email</arg>
<arg>${username}</arg>
<doc>Types the given ``text`` into the text field identified by ``locator``.</doc>
<msg timestamp="20230811 14:14:20.944" level="INFO">Typing text 'coralie.welch@hotmail.com' into text field 'id:Email'.</msg>
<status status="PASS" starttime="20230811 14:14:20.944" endtime="20230811 14:14:21.011"/>
</kw>
<status status="PASS" starttime="20230811 14:14:20.944" endtime="20230811 14:14:21.011"/>
</kw>
<kw name="Input the Password" library="login_resources">
<arg>${password}</arg>
<kw name="Input Text" library="SeleniumLibrary">
<arg>id:Password</arg>
<arg>${password}</arg>
<doc>Types the given ``text`` into the text field identified by ``locator``.</doc>
<msg timestamp="20230811 14:14:21.011" level="INFO">Typing text 'cu2h6' into text field 'id:Password'.</msg>
<status status="PASS" starttime="20230811 14:14:21.011" endtime="20230811 14:14:21.067"/>
</kw>
<status status="PASS" starttime="20230811 14:14:21.011" endtime="20230811 14:14:21.068"/>
</kw>
<kw name="click the login button" library="login_resources">
<kw name="Click Element" library="SeleniumLibrary">
<arg>xpath://button[@type='submit']</arg>
<doc>Click the element identified by ``locator``.</doc>
<msg timestamp="20230811 14:14:21.068" level="INFO">Clicking element 'xpath://button[@type='submit']'.</msg>
<status status="PASS" starttime="20230811 14:14:21.068" endtime="20230811 14:14:21.603"/>
</kw>
<status status="PASS" starttime="20230811 14:14:21.068" endtime="20230811 14:14:21.603"/>
</kw>
<kw name="Error message should be visible" library="login_resources">
<kw name="Page Should Contain" library="SeleniumLibrary">
<arg>Login was unsuccessful</arg>
<doc>Verifies that current page contains ``text``.</doc>
<msg timestamp="20230811 14:14:21.619" level="INFO">Current page contains text 'Login was unsuccessful'.</msg>
<status status="PASS" starttime="20230811 14:14:21.603" endtime="20230811 14:14:21.620"/>
</kw>
<status status="PASS" starttime="20230811 14:14:21.603" endtime="20230811 14:14:21.620"/>
</kw>
<status status="PASS" starttime="20230811 14:14:20.943" endtime="20230811 14:14:21.620"/>
</kw>
<status status="PASS" starttime="20230811 14:14:20.942" endtime="20230811 14:14:21.620"/>
</test>
<test id="s1-t7" name="LoginTestWithExcel using durward89@hotmail.com and j1hdn" line="17">
<kw name="Invalid Login scenarios">
<arg>durward89@hotmail.com</arg>
<arg>j1hdn</arg>
<kw name="Input the username" library="login_resources">
<arg>${username}</arg>
<kw name="Input Text" library="SeleniumLibrary">
<arg>id:Email</arg>
<arg>${username}</arg>
<doc>Types the given ``text`` into the text field identified by ``locator``.</doc>
<msg timestamp="20230811 14:14:21.625" level="INFO">Typing text 'durward89@hotmail.com' into text field 'id:Email'.</msg>
<status status="PASS" starttime="20230811 14:14:21.625" endtime="20230811 14:14:21.695"/>
</kw>
<status status="PASS" starttime="20230811 14:14:21.623" endtime="20230811 14:14:21.695"/>
</kw>
<kw name="Input the Password" library="login_resources">
<arg>${password}</arg>
<kw name="Input Text" library="SeleniumLibrary">
<arg>id:Password</arg>
<arg>${password}</arg>
<doc>Types the given ``text`` into the text field identified by ``locator``.</doc>
<msg timestamp="20230811 14:14:21.696" level="INFO">Typing text 'j1hdn' into text field 'id:Password'.</msg>
<status status="PASS" starttime="20230811 14:14:21.695" endtime="20230811 14:14:21.751"/>
</kw>
<status status="PASS" starttime="20230811 14:14:21.695" endtime="20230811 14:14:21.751"/>
</kw>
<kw name="click the login button" library="login_resources">
<kw name="Click Element" library="SeleniumLibrary">
<arg>xpath://button[@type='submit']</arg>
<doc>Click the element identified by ``locator``.</doc>
<msg timestamp="20230811 14:14:21.751" level="INFO">Clicking element 'xpath://button[@type='submit']'.</msg>
<status status="PASS" starttime="20230811 14:14:21.751" endtime="20230811 14:14:22.341"/>
</kw>
<status status="PASS" starttime="20230811 14:14:21.751" endtime="20230811 14:14:22.341"/>
</kw>
<kw name="Error message should be visible" library="login_resources">
<kw name="Page Should Contain" library="SeleniumLibrary">
<arg>Login was unsuccessful</arg>
<doc>Verifies that current page contains ``text``.</doc>
<msg timestamp="20230811 14:14:22.353" level="INFO">Current page contains text 'Login was unsuccessful'.</msg>
<status status="PASS" starttime="20230811 14:14:22.341" endtime="20230811 14:14:22.353"/>
</kw>
<status status="PASS" starttime="20230811 14:14:22.341" endtime="20230811 14:14:22.353"/>
</kw>
<status status="PASS" starttime="20230811 14:14:21.622" endtime="20230811 14:14:22.353"/>
</kw>
<status status="PASS" starttime="20230811 14:14:21.621" endtime="20230811 14:14:22.353"/>
</test>
<test id="s1-t8" name="LoginTestWithExcel using john_kling@yahoo.com and qkn2k" line="17">
<kw name="Invalid Login scenarios">
<arg>john_kling@yahoo.com</arg>
<arg>qkn2k</arg>
<kw name="Input the username" library="login_resources">
<arg>${username}</arg>
<kw name="Input Text" library="SeleniumLibrary">
<arg>id:Email</arg>
<arg>${username}</arg>
<doc>Types the given ``text`` into the text field identified by ``locator``.</doc>
<msg timestamp="20230811 14:14:22.356" level="INFO">Typing text 'john_kling@yahoo.com' into text field 'id:Email'.</msg>
<status status="PASS" starttime="20230811 14:14:22.356" endtime="20230811 14:14:22.435"/>
</kw>
<status status="PASS" starttime="20230811 14:14:22.356" endtime="20230811 14:14:22.435"/>
</kw>
<kw name="Input the Password" library="login_resources">
<arg>${password}</arg>
<kw name="Input Text" library="SeleniumLibrary">
<arg>id:Password</arg>
<arg>${password}</arg>
<doc>Types the given ``text`` into the text field identified by ``locator``.</doc>
<msg timestamp="20230811 14:14:22.436" level="INFO">Typing text 'qkn2k' into text field 'id:Password'.</msg>
<status status="PASS" starttime="20230811 14:14:22.436" endtime="20230811 14:14:22.495"/>
</kw>
<status status="PASS" starttime="20230811 14:14:22.435" endtime="20230811 14:14:22.495"/>
</kw>
<kw name="click the login button" library="login_resources">
<kw name="Click Element" library="SeleniumLibrary">
<arg>xpath://button[@type='submit']</arg>
<doc>Click the element identified by ``locator``.</doc>
<msg timestamp="20230811 14:14:22.495" level="INFO">Clicking element 'xpath://button[@type='submit']'.</msg>
<status status="PASS" starttime="20230811 14:14:22.495" endtime="20230811 14:14:23.068"/>
</kw>
<status status="PASS" starttime="20230811 14:14:22.495" endtime="20230811 14:14:23.068"/>
</kw>
<kw name="Error message should be visible" library="login_resources">
<kw name="Page Should Contain" library="SeleniumLibrary">
<arg>Login was unsuccessful</arg>
<doc>Verifies that current page contains ``text``.</doc>
<msg timestamp="20230811 14:14:23.078" level="INFO">Current page contains text 'Login was unsuccessful'.</msg>
<status status="PASS" starttime="20230811 14:14:23.069" endtime="20230811 14:14:23.078"/>
</kw>
<status status="PASS" starttime="20230811 14:14:23.068" endtime="20230811 14:14:23.078"/>
</kw>
<status status="PASS" starttime="20230811 14:14:22.356" endtime="20230811 14:14:23.078"/>
</kw>
<status status="PASS" starttime="20230811 14:14:22.354" endtime="20230811 14:14:23.079"/>
</test>
<test id="s1-t9" name="LoginTestWithExcel using drake_bode@yahoo.com and zsa1a" line="17">
<kw name="Invalid Login scenarios">
<arg>drake_bode@yahoo.com</arg>
<arg>zsa1a</arg>
<kw name="Input the username" library="login_resources">
<arg>${username}</arg>
<kw name="Input Text" library="SeleniumLibrary">
<arg>id:Email</arg>
<arg>${username}</arg>
<doc>Types the given ``text`` into the text field identified by ``locator``.</doc>
<msg timestamp="20230811 14:14:23.081" level="INFO">Typing text 'drake_bode@yahoo.com' into text field 'id:Email'.</msg>
<status status="PASS" starttime="20230811 14:14:23.080" endtime="20230811 14:14:23.143"/>
</kw>
<status status="PASS" starttime="20230811 14:14:23.080" endtime="20230811 14:14:23.143"/>
</kw>
<kw name="Input the Password" library="login_resources">
<arg>${password}</arg>
<kw name="Input Text" library="SeleniumLibrary">
<arg>id:Password</arg>
<arg>${password}</arg>
<doc>Types the given ``text`` into the text field identified by ``locator``.</doc>
<msg timestamp="20230811 14:14:23.144" level="INFO">Typing text 'zsa1a' into text field 'id:Password'.</msg>
<status status="PASS" starttime="20230811 14:14:23.143" endtime="20230811 14:14:23.203"/>
</kw>
<status status="PASS" starttime="20230811 14:14:23.143" endtime="20230811 14:14:23.203"/>
</kw>
<kw name="click the login button" library="login_resources">
<kw name="Click Element" library="SeleniumLibrary">
<arg>xpath://button[@type='submit']</arg>
<doc>Click the element identified by ``locator``.</doc>
<msg timestamp="20230811 14:14:23.204" level="INFO">Clicking element 'xpath://button[@type='submit']'.</msg>
<status status="PASS" starttime="20230811 14:14:23.204" endtime="20230811 14:14:23.817"/>
</kw>
<status status="PASS" starttime="20230811 14:14:23.203" endtime="20230811 14:14:23.817"/>
</kw>
<kw name="Error message should be visible" library="login_resources">
<kw name="Page Should Contain" library="SeleniumLibrary">
<arg>Login was unsuccessful</arg>
<doc>Verifies that current page contains ``text``.</doc>
<msg timestamp="20230811 14:14:23.830" level="INFO">Current page contains text 'Login was unsuccessful'.</msg>
<status status="PASS" starttime="20230811 14:14:23.819" endtime="20230811 14:14:23.830"/>
</kw>
<status status="PASS" starttime="20230811 14:14:23.817" endtime="20230811 14:14:23.830"/>
</kw>
<status status="PASS" starttime="20230811 14:14:23.080" endtime="20230811 14:14:23.831"/>
</kw>
<status status="PASS" starttime="20230811 14:14:23.079" endtime="20230811 14:14:23.831"/>
</test>
<test id="s1-t10" name="LoginTestWithExcel using monserrat.vonrueden16@gmail.com and xb1cd" line="17">
<kw name="Invalid Login scenarios">
<arg>monserrat.vonrueden16@gmail.com</arg>
<arg>xb1cd</arg>
<kw name="Input the username" library="login_resources">
<arg>${username}</arg>
<kw name="Input Text" library="SeleniumLibrary">
<arg>id:Email</arg>
<arg>${username}</arg>
<doc>Types the given ``text`` into the text field identified by ``locator``.</doc>
<msg timestamp="20230811 14:14:23.833" level="INFO">Typing text 'monserrat.vonrueden16@gmail.com' into text field 'id:Email'.</msg>
<status status="PASS" starttime="20230811 14:14:23.833" endtime="20230811 14:14:23.906"/>
</kw>
<status status="PASS" starttime="20230811 14:14:23.833" endtime="20230811 14:14:23.906"/>
</kw>
<kw name="Input the Password" library="login_resources">
<arg>${password}</arg>
<kw name="Input Text" library="SeleniumLibrary">
<arg>id:Password</arg>
<arg>${password}</arg>
<doc>Types the given ``text`` into the text field identified by ``locator``.</doc>
<msg timestamp="20230811 14:14:23.907" level="INFO">Typing text 'xb1cd' into text field 'id:Password'.</msg>
<status status="PASS" starttime="20230811 14:14:23.906" endtime="20230811 14:14:23.964"/>
</kw>
<status status="PASS" starttime="20230811 14:14:23.906" endtime="20230811 14:14:23.964"/>
</kw>
<kw name="click the login button" library="login_resources">
<kw name="Click Element" library="SeleniumLibrary">
<arg>xpath://button[@type='submit']</arg>
<doc>Click the element identified by ``locator``.</doc>
<msg timestamp="20230811 14:14:23.964" level="INFO">Clicking element 'xpath://button[@type='submit']'.</msg>
<status status="PASS" starttime="20230811 14:14:23.964" endtime="20230811 14:14:24.539"/>
</kw>
<status status="PASS" starttime="20230811 14:14:23.964" endtime="20230811 14:14:24.539"/>
</kw>
<kw name="Error message should be visible" library="login_resources">
<kw name="Page Should Contain" library="SeleniumLibrary">
<arg>Login was unsuccessful</arg>
<doc>Verifies that current page contains ``text``.</doc>
<msg timestamp="20230811 14:14:24.551" level="INFO">Current page contains text 'Login was unsuccessful'.</msg>
<status status="PASS" starttime="20230811 14:14:24.539" endtime="20230811 14:14:24.551"/>
</kw>
<status status="PASS" starttime="20230811 14:14:24.539" endtime="20230811 14:14:24.551"/>
</kw>
<status status="PASS" starttime="20230811 14:14:23.833" endtime="20230811 14:14:24.551"/>
</kw>
<status status="PASS" starttime="20230811 14:14:23.832" endtime="20230811 14:14:24.551"/>
</test>
<test id="s1-t11" name="LoginTestWithExcel using breanne.muller@hotmail.com and 1aygf" line="17">
<kw name="Invalid Login scenarios">
<arg>breanne.muller@hotmail.com</arg>
<arg>1aygf</arg>
<kw name="Input the username" library="login_resources">
<arg>${username}</arg>
<kw name="Input Text" library="SeleniumLibrary">
<arg>id:Email</arg>
<arg>${username}</arg>
<doc>Types the given ``text`` into the text field identified by ``locator``.</doc>
<msg timestamp="20230811 14:14:24.553" level="INFO">Typing text 'breanne.muller@hotmail.com' into text field 'id:Email'.</msg>
<status status="PASS" starttime="20230811 14:14:24.553" endtime="20230811 14:14:24.623"/>
</kw>
<status status="PASS" starttime="20230811 14:14:24.553" endtime="20230811 14:14:24.623"/>
</kw>
<kw name="Input the Password" library="login_resources">
<arg>${password}</arg>
<kw name="Input Text" library="SeleniumLibrary">
<arg>id:Password</arg>
<arg>${password}</arg>
<doc>Types the given ``text`` into the text field identified by ``locator``.</doc>
<msg timestamp="20230811 14:14:24.624" level="INFO">Typing text '1aygf' into text field 'id:Password'.</msg>
<status status="PASS" starttime="20230811 14:14:24.624" endtime="20230811 14:14:24.680"/>
</kw>
<status status="PASS" starttime="20230811 14:14:24.623" endtime="20230811 14:14:24.680"/>
</kw>
<kw name="click the login button" library="login_resources">
<kw name="Click Element" library="SeleniumLibrary">
<arg>xpath://button[@type='submit']</arg>
<doc>Click the element identified by ``locator``.</doc>
<msg timestamp="20230811 14:14:24.681" level="INFO">Clicking element 'xpath://button[@type='submit']'.</msg>
<status status="PASS" starttime="20230811 14:14:24.681" endtime="20230811 14:14:25.282"/>
</kw>
<status status="PASS" starttime="20230811 14:14:24.680" endtime="20230811 14:14:25.282"/>
</kw>
<kw name="Error message should be visible" library="login_resources">
<kw name="Page Should Contain" library="SeleniumLibrary">
<arg>Login was unsuccessful</arg>
<doc>Verifies that current page contains ``text``.</doc>
<msg timestamp="20230811 14:14:25.297" level="INFO">Current page contains text 'Login was unsuccessful'.</msg>
<status status="PASS" starttime="20230811 14:14:25.282" endtime="20230811 14:14:25.297"/>
</kw>
<status status="PASS" starttime="20230811 14:14:25.282" endtime="20230811 14:14:25.297"/>
</kw>
<status status="PASS" starttime="20230811 14:14:24.553" endtime="20230811 14:14:25.297"/>
</kw>
<status status="PASS" starttime="20230811 14:14:24.552" endtime="20230811 14:14:25.298"/>
</test>
<test id="s1-t12" name="LoginTestWithExcel using charles_bashirian39@yahoo.com and 5pqmy" line="17">
<kw name="Invalid Login scenarios">
<arg>charles_bashirian39@yahoo.com</arg>
<arg>5pqmy</arg>
<kw name="Input the username" library="login_resources">
<arg>${username}</arg>
<kw name="Input Text" library="SeleniumLibrary">
<arg>id:Email</arg>
<arg>${username}</arg>
<doc>Types the given ``text`` into the text field identified by ``locator``.</doc>
<msg timestamp="20230811 14:14:25.301" level="INFO">Typing text 'charles_bashirian39@yahoo.com' into text field 'id:Email'.</msg>
<status status="PASS" starttime="20230811 14:14:25.300" endtime="20230811 14:14:25.372"/>
</kw>
<status status="PASS" starttime="20230811 14:14:25.300" endtime="20230811 14:14:25.372"/>
</kw>
<kw name="Input the Password" library="login_resources">
<arg>${password}</arg>
<kw name="Input Text" library="SeleniumLibrary">
<arg>id:Password</arg>
<arg>${password}</arg>
<doc>Types the given ``text`` into the text field identified by ``locator``.</doc>
<msg timestamp="20230811 14:14:25.373" level="INFO">Typing text '5pqmy' into text field 'id:Password'.</msg>
<status status="PASS" starttime="20230811 14:14:25.373" endtime="20230811 14:14:25.430"/>
</kw>
<status status="PASS" starttime="20230811 14:14:25.372" endtime="20230811 14:14:25.430"/>
</kw>
<kw name="click the login button" library="login_resources">
<kw name="Click Element" library="SeleniumLibrary">
<arg>xpath://button[@type='submit']</arg>
<doc>Click the element identified by ``locator``.</doc>
<msg timestamp="20230811 14:14:25.430" level="INFO">Clicking element 'xpath://button[@type='submit']'.</msg>
<status status="PASS" starttime="20230811 14:14:25.430" endtime="20230811 14:14:26.002"/>
</kw>
<status status="PASS" starttime="20230811 14:14:25.430" endtime="20230811 14:14:26.002"/>
</kw>
<kw name="Error message should be visible" library="login_resources">
<kw name="Page Should Contain" library="SeleniumLibrary">
<arg>Login was unsuccessful</arg>
<doc>Verifies that current page contains ``text``.</doc>
<msg timestamp="20230811 14:14:26.013" level="INFO">Current page contains text 'Login was unsuccessful'.</msg>
<status status="PASS" starttime="20230811 14:14:26.003" endtime="20230811 14:14:26.013"/>
</kw>
<status status="PASS" starttime="20230811 14:14:26.002" endtime="20230811 14:14:26.013"/>
</kw>
<status status="PASS" starttime="20230811 14:14:25.300" endtime="20230811 14:14:26.013"/>
</kw>
<status status="PASS" starttime="20230811 14:14:25.299" endtime="20230811 14:14:26.014"/>
</test>
<test id="s1-t13" name="LoginTestWithExcel using rosalee82@gmail.com and so06y" line="17">
<kw name="Invalid Login scenarios">
<arg>rosalee82@gmail.com</arg>
<arg>so06y</arg>
<kw name="Input the username" library="login_resources">
<arg>${username}</arg>
<kw name="Input Text" library="SeleniumLibrary">
<arg>id:Email</arg>
<arg>${username}</arg>
<doc>Types the given ``text`` into the text field identified by ``locator``.</doc>
<msg timestamp="20230811 14:14:26.017" level="INFO">Typing text 'rosalee82@gmail.com' into text field 'id:Email'.</msg>
<status status="PASS" starttime="20230811 14:14:26.016" endtime="20230811 14:14:26.083"/>
</kw>
<status status="PASS" starttime="20230811 14:14:26.016" endtime="20230811 14:14:26.083"/>
</kw>
<kw name="Input the Password" library="login_resources">
<arg>${password}</arg>
<kw name="Input Text" library="SeleniumLibrary">
<arg>id:Password</arg>
<arg>${password}</arg>
<doc>Types the given ``text`` into the text field identified by ``locator``.</doc>
<msg timestamp="20230811 14:14:26.084" level="INFO">Typing text 'so06y' into text field 'id:Password'.</msg>
<status status="PASS" starttime="20230811 14:14:26.083" endtime="20230811 14:14:26.146"/>
</kw>
<status status="PASS" starttime="20230811 14:14:26.083" endtime="20230811 14:14:26.146"/>
</kw>
<kw name="click the login button" library="login_resources">
<kw name="Click Element" library="SeleniumLibrary">
<arg>xpath://button[@type='submit']</arg>
<doc>Click the element identified by ``locator``.</doc>
<msg timestamp="20230811 14:14:26.147" level="INFO">Clicking element 'xpath://button[@type='submit']'.</msg>
<status status="PASS" starttime="20230811 14:14:26.146" endtime="20230811 14:14:26.737"/>
</kw>
<status status="PASS" starttime="20230811 14:14:26.146" endtime="20230811 14:14:26.737"/>
</kw>
<kw name="Error message should be visible" library="login_resources">
<kw name="Page Should Contain" library="SeleniumLibrary">
<arg>Login was unsuccessful</arg>
<doc>Verifies that current page contains ``text``.</doc>
<msg timestamp="20230811 14:14:26.750" level="INFO">Current page contains text 'Login was unsuccessful'.</msg>
<status status="PASS" starttime="20230811 14:14:26.738" endtime="20230811 14:14:26.750"/>
</kw>
<status status="PASS" starttime="20230811 14:14:26.738" endtime="20230811 14:14:26.750"/>
</kw>
<status status="PASS" starttime="20230811 14:14:26.016" endtime="20230811 14:14:26.750"/>
</kw>
<status status="PASS" starttime="20230811 14:14:26.015" endtime="20230811 14:14:26.751"/>
</test>
<test id="s1-t14" name="LoginTestWithExcel using rosie.rau@yahoo.com and 0rkyl" line="17">
<kw name="Invalid Login scenarios">
<arg>rosie.rau@yahoo.com</arg>
<arg>0rkyl</arg>
<kw name="Input the username" library="login_resources">
<arg>${username}</arg>
<kw name="Input Text" library="SeleniumLibrary">
<arg>id:Email</arg>
<arg>${username}</arg>
<doc>Types the given ``text`` into the text field identified by ``locator``.</doc>
<msg timestamp="20230811 14:14:26.753" level="INFO">Typing text 'rosie.rau@yahoo.com' into text field 'id:Email'.</msg>
<status status="PASS" starttime="20230811 14:14:26.752" endtime="20230811 14:14:26.817"/>
</kw>
<status status="PASS" starttime="20230811 14:14:26.752" endtime="20230811 14:14:26.817"/>
</kw>
<kw name="Input the Password" library="login_resources">
<arg>${password}</arg>
<kw name="Input Text" library="SeleniumLibrary">
<arg>id:Password</arg>
<arg>${password}</arg>
<doc>Types the given ``text`` into the text field identified by ``locator``.</doc>
<msg timestamp="20230811 14:14:26.818" level="INFO">Typing text '0rkyl' into text field 'id:Password'.</msg>
<status status="PASS" starttime="20230811 14:14:26.818" endtime="20230811 14:14:26.877"/>
</kw>
<status status="PASS" starttime="20230811 14:14:26.818" endtime="20230811 14:14:26.877"/>
</kw>
<kw name="click the login button" library="login_resources">
<kw name="Click Element" library="SeleniumLibrary">
<arg>xpath://button[@type='submit']</arg>
<doc>Click the element identified by ``locator``.</doc>
<msg timestamp="20230811 14:14:26.878" level="INFO">Clicking element 'xpath://button[@type='submit']'.</msg>
<status status="PASS" starttime="20230811 14:14:26.877" endtime="20230811 14:14:27.459"/>
</kw>
<status status="PASS" starttime="20230811 14:14:26.877" endtime="20230811 14:14:27.459"/>
</kw>
<kw name="Error message should be visible" library="login_resources">
<kw name="Page Should Contain" library="SeleniumLibrary">
<arg>Login was unsuccessful</arg>
<doc>Verifies that current page contains ``text``.</doc>
<msg timestamp="20230811 14:14:27.477" level="INFO">Current page contains text 'Login was unsuccessful'.</msg>
<status status="PASS" starttime="20230811 14:14:27.459" endtime="20230811 14:14:27.477"/>
</kw>
<status status="PASS" starttime="20230811 14:14:27.459" endtime="20230811 14:14:27.477"/>
</kw>
<status status="PASS" starttime="20230811 14:14:26.752" endtime="20230811 14:14:27.477"/>
</kw>
<status status="PASS" starttime="20230811 14:14:26.751" endtime="20230811 14:14:27.478"/>
</test>
<test id="s1-t15" name="LoginTestWithExcel using lenora_goyette25@yahoo.com and xywyd" line="17">
<kw name="Invalid Login scenarios">
<arg>lenora_goyette25@yahoo.com</arg>
<arg>xywyd</arg>
<kw name="Input the username" library="login_resources">
<arg>${username}</arg>
<kw name="Input Text" library="SeleniumLibrary">
<arg>id:Email</arg>
<arg>${username}</arg>
<doc>Types the given ``text`` into the text field identified by ``locator``.</doc>
<msg timestamp="20230811 14:14:27.480" level="INFO">Typing text 'lenora_goyette25@yahoo.com' into text field 'id:Email'.</msg>
<status status="PASS" starttime="20230811 14:14:27.480" endtime="20230811 14:14:27.549"/>
</kw>
<status status="PASS" starttime="20230811 14:14:27.479" endtime="20230811 14:14:27.550"/>
</kw>
<kw name="Input the Password" library="login_resources">
<arg>${password}</arg>
<kw name="Input Text" library="SeleniumLibrary">
<arg>id:Password</arg>
<arg>${password}</arg>
<doc>Types the given ``text`` into the text field identified by ``locator``.</doc>
<msg timestamp="20230811 14:14:27.550" level="INFO">Typing text 'xywyd' into text field 'id:Password'.</msg>
<status status="PASS" starttime="20230811 14:14:27.550" endtime="20230811 14:14:27.607"/>
</kw>
<status status="PASS" starttime="20230811 14:14:27.550" endtime="20230811 14:14:27.607"/>
</kw>
<kw name="click the login button" library="login_resources">
<kw name="Click Element" library="SeleniumLibrary">
<arg>xpath://button[@type='submit']</arg>
<doc>Click the element identified by ``locator``.</doc>
<msg timestamp="20230811 14:14:27.608" level="INFO">Clicking element 'xpath://button[@type='submit']'.</msg>
<status status="PASS" starttime="20230811 14:14:27.607" endtime="20230811 14:14:28.193"/>
</kw>
<status status="PASS" starttime="20230811 14:14:27.607" endtime="20230811 14:14:28.193"/>
</kw>
<kw name="Error message should be visible" library="login_resources">
<kw name="Page Should Contain" library="SeleniumLibrary">
<arg>Login was unsuccessful</arg>
<doc>Verifies that current page contains ``text``.</doc>
<msg timestamp="20230811 14:14:28.210" level="INFO">Current page contains text 'Login was unsuccessful'.</msg>
<status status="PASS" starttime="20230811 14:14:28.194" endtime="20230811 14:14:28.210"/>
</kw>
<status status="PASS" starttime="20230811 14:14:28.193" endtime="20230811 14:14:28.210"/>
</kw>
<status status="PASS" starttime="20230811 14:14:27.479" endtime="20230811 14:14:28.210"/>
</kw>
<status status="PASS" starttime="20230811 14:14:27.478" endtime="20230811 14:14:28.211"/>
</test>
<kw name="close Browsers" library="login_resources" type="TEARDOWN">
<kw name="Close All Browsers" library="SeleniumLibrary">
<doc>Closes all open browsers and resets the browser cache.</doc>
<status status="PASS" starttime="20230811 14:14:28.212" endtime="20230811 14:14:34.423"/>
</kw>
<status status="PASS" starttime="20230811 14:14:28.212" endtime="20230811 14:14:34.423"/>
</kw>
<status status="PASS" starttime="20230811 14:14:09.974" endtime="20230811 14:14:34.423"/>
</suite>
<statistics>
<total>
<stat pass="15" fail="0" skip="0">All Tests</stat>
</total>
<tag>
</tag>
<suite>
<stat pass="15" fail="0" skip="0" id="s1" name="ExcelDataRead">ExcelDataRead</stat>
</suite>
</statistics>
<errors>
</errors>
</robot>
