<?xml version="1.0" encoding="UTF-8"?>
<robot generator="Robot 6.1 (Python 3.11.4 on win32)" generated="20230810 17:54:51.218" rpa="false" schemaversion="4">
<suite id="s1" name="childWindows" source="C:\Users\goyal\PycharmProjects\pythonProject1\RobotPackage\childWindows.robot">
<test id="s1-t1" name="Validate Child window Functionality" line="14">
<kw name="Open the browser with Mortgage payment url" library="resource" type="SETUP">
<kw name="Open Browser" library="SeleniumLibrary">
<arg>${url}</arg>
<arg>${browser}</arg>
<arg>options=add_experimental_option("detach",${True})</arg>
<doc>Opens a new browser instance to the optional ``url``.</doc>
<msg timestamp="20230810 17:54:51.429" level="INFO">Opening browser 'chrome' to base url 'https://rahulshettyacademy.com/loginpagePractise/'.</msg>
<msg timestamp="20230810 17:54:51.439" level="INFO">Executing: C:\Users\goyal\PycharmProjects\pythonProject1\venv\Lib\site-packages\selenium\webdriver\common\windows\selenium-manager.exe --browser chrome --output json</msg>
<status status="PASS" starttime="20230810 17:54:51.427" endtime="20230810 17:54:54.126"/>
</kw>
<kw name="Set Selenium Implicit Wait" library="SeleniumLibrary">
<arg>5000</arg>
<doc>Sets the implicit wait value used by Selenium.</doc>
<status status="PASS" starttime="20230810 17:54:54.126" endtime="20230810 17:54:54.133"/>
</kw>
<status status="PASS" starttime="20230810 17:54:51.427" endtime="20230810 17:54:54.134"/>
</kw>
<kw name="select link of child window">
<kw name="Click Element" library="SeleniumLibrary">
<arg>css:.blinkingText</arg>
<doc>Click the element identified by ``locator``.</doc>
<msg timestamp="20230810 17:54:54.136" level="INFO">Clicking element 'css:.blinkingText'.</msg>
<status status="PASS" starttime="20230810 17:54:54.135" endtime="20230810 17:54:54.256"/>
</kw>
<kw name="Sleep" library="BuiltIn">
<arg>5</arg>
<doc>Pauses the test executed for the given time.</doc>
<msg timestamp="20230810 17:54:59.256" level="INFO">Slept 5 seconds</msg>
<status status="PASS" starttime="20230810 17:54:54.256" endtime="20230810 17:54:59.256"/>
</kw>
<status status="PASS" starttime="20230810 17:54:54.134" endtime="20230810 17:54:59.256"/>
</kw>
<kw name="verify user switched to child window">
<kw name="Switch Window" library="SeleniumLibrary">
<arg>NEW</arg>
<doc>Switches to browser window matching ``locator``.</doc>
<status status="PASS" starttime="20230810 17:54:59.257" endtime="20230810 17:54:59.290"/>
</kw>
<kw name="Element Text Should Be" library="SeleniumLibrary">
<arg>css:h1</arg>
<arg>DOCUMENTS REQUEST</arg>
<doc>Verifies that element ``locator`` contains exact the text ``expected``.</doc>
<msg timestamp="20230810 17:54:59.291" level="INFO">Verifying element 'css:h1' contains exact text 'DOCUMENTS REQUEST'.</msg>
<status status="PASS" starttime="20230810 17:54:59.290" endtime="20230810 17:54:59.347"/>
</kw>
<status status="PASS" starttime="20230810 17:54:59.257" endtime="20230810 17:54:59.347"/>
</kw>
<kw name="Grab the email id from child window">
<kw name="Get Text" library="SeleniumLibrary">
<var>${text}</var>
<arg>css:p[class='im-para red']</arg>
<doc>Returns the text value of the element identified by ``locator``.</doc>
<msg timestamp="20230810 17:54:59.389" level="INFO">${text} = Please email us at mentor@rahulshettyacademy.com with below template to receive response</msg>
<status status="PASS" starttime="20230810 17:54:59.350" endtime="20230810 17:54:59.389"/>
</kw>
<kw name="Split String" library="String">
<var>@{words}</var>
<arg>${text}</arg>
<arg>at</arg>
<doc>Splits the ``string`` using ``separator`` as a delimiter string.</doc>
<msg timestamp="20230810 17:54:59.390" level="INFO">@{words} = [ Please email us  |  mentor@rahulshettyacademy.com with below templ | e to receive response ]</msg>
<status status="PASS" starttime="20230810 17:54:59.390" endtime="20230810 17:54:59.390"/>
</kw>
<kw name="Get From List" library="Collections">
<var>${text_split}</var>
<arg>${words}</arg>
<arg>1</arg>
<doc>Returns the value specified with an ``index`` from ``list``.</doc>
<msg timestamp="20230810 17:54:59.391" level="INFO">${text_split} =  mentor@rahulshettyacademy.com with below templ</msg>
<status status="PASS" starttime="20230810 17:54:59.390" endtime="20230810 17:54:59.391"/>
</kw>
<kw name="Split String" library="String">
<var>@{email_text}</var>
<arg>${text_split}</arg>
<doc>Splits the ``string`` using ``separator`` as a delimiter string.</doc>
<msg timestamp="20230810 17:54:59.391" level="INFO">@{email_text} = [ mentor@rahulshettyacademy.com | with | below | templ ]</msg>
<status status="PASS" starttime="20230810 17:54:59.391" endtime="20230810 17:54:59.391"/>
</kw>
<kw name="Get From List" library="Collections">
<var>${email}</var>
<arg>${email_text}</arg>
<arg>0</arg>
<doc>Returns the value specified with an ``index`` from ``list``.</doc>
<msg timestamp="20230810 17:54:59.392" level="INFO">${email} = mentor@rahulshettyacademy.com</msg>
<status status="PASS" starttime="20230810 17:54:59.391" endtime="20230810 17:54:59.392"/>
</kw>
<kw name="Log To Console" library="BuiltIn">
<arg>${email}</arg>
<doc>Logs the given message to the console.</doc>
<status status="PASS" starttime="20230810 17:54:59.392" endtime="20230810 17:54:59.392"/>
</kw>
<kw name="Set Global Variable" library="BuiltIn">
<arg>${email}</arg>
<doc>Makes a variable available globally in all tests and suites.</doc>
<msg timestamp="20230810 17:54:59.393" level="INFO">${email} = mentor@rahulshettyacademy.com</msg>
<status status="PASS" starttime="20230810 17:54:59.392" endtime="20230810 17:54:59.394"/>
</kw>
<status status="PASS" starttime="20230810 17:54:59.349" endtime="20230810 17:54:59.394"/>
</kw>
<kw name="Switch to parent window and enter the email fetched">
<kw name="Switch Window" library="SeleniumLibrary">
<arg>MAIN</arg>
<doc>Switches to browser window matching ``locator``.</doc>
<status status="PASS" starttime="20230810 17:54:59.395" endtime="20230810 17:54:59.436"/>
</kw>
<kw name="Log To Console" library="BuiltIn">
<arg>"---------------------------------------------------"+${email}</arg>
<doc>Logs the given message to the console.</doc>
<status status="PASS" starttime="20230810 17:54:59.437" endtime="20230810 17:54:59.438"/>
</kw>
<kw name="Input Text" library="SeleniumLibrary">
<arg>css:input[id='username']</arg>
<arg>${email}</arg>
<doc>Types the given ``text`` into the text field identified by ``locator``.</doc>
<msg timestamp="20230810 17:54:59.439" level="INFO">Typing text 'mentor@rahulshettyacademy.com' into text field 'css:input[id='username']'.</msg>
<status status="PASS" starttime="20230810 17:54:59.438" endtime="20230810 17:54:59.672"/>
</kw>
<status status="PASS" starttime="20230810 17:54:59.394" endtime="20230810 17:54:59.672"/>
</kw>
<status status="PASS" starttime="20230810 17:54:51.425" endtime="20230810 17:54:59.672"/>
</test>
<doc>To validate the  child windows</doc>
<status status="PASS" starttime="20230810 17:54:51.220" endtime="20230810 17:54:59.674"/>
</suite>
<statistics>
<total>
<stat pass="1" fail="0" skip="0">All Tests</stat>
</total>
<tag>
</tag>
<suite>
<stat pass="1" fail="0" skip="0" id="s1" name="childWindows">childWindows</stat>
</suite>
</statistics>
<errors>
</errors>
</robot>
